Arguments: 
  D:\nodejs\node.exe C:\Users\王松林\AppData\Roaming\npm\node_modules\yarn\bin\yarn.js add react-app-rewired customzie-cra

PATH: 
  C:\Windows\system32;C:\Windows;C:\Windows\System32\Wbem;C:\Windows\System32\WindowsPowerShell\v1.0\;C:\Windows\System32\OpenSSH\;C:\Program Files\NVIDIA Corporation\NVIDIA NvDLISR;D:\nodejs\;D:\软件\Git\cmd;D:\Vscode\Microsoft VS Code\bin;C:\WINDOWS\system32;C:\WINDOWS;C:\WINDOWS\System32\Wbem;C:\WINDOWS\System32\WindowsPowerShell\v1.0\;C:\WINDOWS\System32\OpenSSH\;C:\Program Files\TortoiseSVN\bin;C:\Users\王松林\AppData\Local\Microsoft\WindowsApps;C:\Users\王松林\AppData\Roaming\npm;E:\Program Files\JetBrains\WebStorm 2020.1\bin;;

Yarn version: 
  1.22.11

Node version: 
  14.15.4

Platform: 
  win32 x64

Trace: 
  Error: https://registry.npm.taobao.org/customzie-cra: Not found
      at Request.params.callback [as _callback] (C:\Users\王松林\AppData\Roaming\npm\node_modules\yarn\lib\cli.js:66992:18)
      at Request.self.callback (C:\Users\王松林\AppData\Roaming\npm\node_modules\yarn\lib\cli.js:140763:22)
      at Request.emit (events.js:315:20)
      at Request.<anonymous> (C:\Users\王松林\AppData\Roaming\npm\node_modules\yarn\lib\cli.js:141735:10)
      at Request.emit (events.js:315:20)
      at IncomingMessage.<anonymous> (C:\Users\王松林\AppData\Roaming\npm\node_modules\yarn\lib\cli.js:141657:12)
      at Object.onceWrapper (events.js:421:28)
      at IncomingMessage.emit (events.js:327:22)
      at endReadableNT (internal/streams/readable.js:1327:12)
      at processTicksAndRejections (internal/process/task_queues.js:80:21)

npm manifest: 
  {
    "name": "react_scaffolding",
    "version": "0.1.0",
    "private": true,
    "dependencies": {
      "@testing-library/jest-dom": "^5.14.1",
      "@testing-library/react": "^11.2.7",
      "@testing-library/user-event": "^12.8.3",
      "antd": "^4.16.13",
      "axios": "^0.21.1",
      "nanoid": "^3.1.25",
      "prop-types": "^15.7.2",
      "pubsub-js": "^1.9.3",
      "react": "^17.0.2",
      "react-dom": "^17.0.2",
      "react-router-dom": "^5.2.0",
      "react-scripts": "4.0.3",
      "web-vitals": "^1.1.2"
    },
    "scripts": {
      "start": "react-scripts start",
      "build": "react-scripts build",
      "test": "react-scripts test",
      "eject": "react-scripts eject"
    },
    "eslintConfig": {
      "extends": [
        "react-app",
        "react-app/jest"
      ]
    },
    "browserslist": {
      "production": [
        ">0.2%",
        "not dead",
        "not op_mini all"
      ],
      "development": [
        "last 1 chrome version",
        "last 1 firefox version",
        "last 1 safari version"
      ]
    }
  }

yarn manifest: 
  No manifest

Lockfile: 
  No lockfile
